<html>
<head>
<title>TestNG:  Default test</title>
<link href="../testng.css" rel="stylesheet" type="text/css" />
<link href="../my-testng.css" rel="stylesheet" type="text/css" />

<style type="text/css">
.log { display: none;} 
.stack-trace { display: none;} 
</style>
<script type="text/javascript">
<!--
function flip(e) {
  current = e.style.display;
  if (current == 'block') {
    e.style.display = 'none';
    return 0;
  }
  else {
    e.style.display = 'block';
    return 1;
  }
}

function toggleBox(szDivId, elem, msg1, msg2)
{
  var res = -1;  if (document.getElementById) {
    res = flip(document.getElementById(szDivId));
  }
  else if (document.all) {
    // this is the way old msie versions work
    res = flip(document.all[szDivId]);
  }
  if(elem) {
    if(res == 0) elem.innerHTML = msg1; else elem.innerHTML = msg2;
  }

}

function toggleAllBoxes() {
  if (document.getElementsByTagName) {
    d = document.getElementsByTagName('div');
    for (i = 0; i < d.length; i++) {
      if (d[i].className == 'log') {
        flip(d[i]);
      }
    }
  }
}

// -->
</script>

</head>
<body>
<h2 align='center'>Default test</h2><table border='1' align="center">
<tr>
<td>Tests passed/Failed/Skipped:</td><td>1/1/0</td>
</tr><tr>
<td>Started on:</td><td>Wed May 05 12:18:44 PDT 2021</td>
</tr>
<tr><td>Total time:</td><td>32 seconds (32169 ms)</td>
</tr><tr>
<td>Included groups:</td><td></td>
</tr><tr>
<td>Excluded groups:</td><td></td>
</tr>
</table><p/>
<small><i>(Hover the method name to see the test class name)</i></small><p/>
<table width='100%' border='1' class='invocation-failed'>
<tr><td colspan='4' align='center'><b>FAILED TESTS</b></td></tr>
<tr><td><b>Test method</b></td>
<td width="30%"><b>Exception</b></td>
<td width="10%"><b>Time (seconds)</b></td>
<td><b>Instance</b></td>
</tr>
<tr>
<td title='testcases.VerifyLoginFunctionality.VerifyLoginErrorMessage02()'><b>VerifyLoginErrorMessage02</b><br>Test class: testcases.VerifyLoginFunctionality<br>Parameters: public void testcases.VerifyLoginFunctionality.VerifyLoginErrorMessage02(java.lang.reflect.Method) throws java.io.IOException</td>
<td><div><pre>java.lang.AssertionError: The following asserts failed:
	expected [Reddy@27] but found [],
	expected [null] but found [https://ap8.salesforce.com/_ui/identity/verification/method/SmsVerificationFinishUi/e?vcsrf=FqLccmayKaHJw-P18lv3EUFZddV4QiK1AJrNeHzRWjla9T6IsgxXfIsqqPxsmW12Wqb2w-7wV7m88tRv-TvcFfASZdjZNpIdbeSSIVPMv28Z4k3J3f2j2WhXJUfCt1hfXSkB7LLHzzWn7SJRC9x3LNdZdZpNP4Dwfm9dniLT4KGykXHYeGBoiL99wS2I-hy_35jaKLfBINfTRvbcGDb8aGLeZITkoljJHPomX9uXF_fkbefzZrLHbpTGRjdmhLkiM9V8pSBhz1FrEkJ4w6DFHZoNJ-PM-GWfcA26yiY_8gIWIwhxnCfSeUZ5k1fMUQSP2wTEAyS47OI5tUkYzr3bgRZVET06AYvsy7I8gEFjzsCCS6jvtNi_scSbL2DNR0QthX2wpt1kS-lv6cb1_lRAJ3PUQIKbDLl8Etvsyw7Z-1ap7k2q7PIgb647p87agQS8oTV3E4uTSzZ1UxZ7XT4GbTXOZj7WW_RdZKjKhurzR-IJi_SDvT_WdlKmmsvuf953sX-uuTpkjQa1ZQ2soDTO8zWnzFno3ljeNe7Pnu35RbV1XId4_VqLxasjISFDgO4DM3Cxy0OyJCEe_O0FUwTy5lc8MDhH_1k-5j7P6-gfYy_PJ0hcWtIHJJ8i9r_VqQjo8vnLfs_eMStvdx5BQF7DcsCsnbR-vpNbt9y97PIIvyA%3D&amp;vpol=ic&amp;vflid=0&amp;vfgrp=2147277717&amp;retURL=%2Fsecur%2Ffrontdoor.jsp%3Fallp%3D1%26cshc%3Do00000UZ0Spo000001AFkY%26apv%3D1%26display%3Dpage%26ucs%3D1]
	at org.testng.asserts.SoftAssert.assertAll(SoftAssert.java:43)
	at testcases.VerifyLoginFunctionality.VerifyLoginErrorMessage02(VerifyLoginFunctionality.java:127)
	at sun.reflect.NativeMethodAccessorImpl.invoke0(Native Method)
	at sun.reflect.NativeMethodAccessorImpl.invoke(NativeMethodAccessorImpl.java:62)
	at sun.reflect.DelegatingMethodAccessorImpl.invoke(DelegatingMethodAccessorImpl.java:43)
	at java.lang.reflect.Method.invoke(Method.java:498)
	at org.testng.internal.MethodInvocationHelper.invokeMethod(MethodInvocationHelper.java:104)
	at org.testng.internal.Invoker.invokeMethod(Invoker.java:645)
	at org.testng.internal.Invoker.invokeTestMethod(Invoker.java:851)
	at org.testng.internal.Invoker.invokeTestMethods(Invoker.java:1177)
	at org.testng.internal.TestMethodWorker.invokeTestMethods(TestMethodWorker.java:129)
	at org.testng.internal.TestMethodWorker.run(TestMethodWorker.java:112)
	at org.testng.TestRunner.privateRun(TestRunner.java:756)
	at org.testng.TestRunner.run(TestRunner.java:610)
	at org.testng.SuiteRunner.runTest(SuiteRunner.java:387)
	at org.testng.SuiteRunner.runSequentially(SuiteRunner.java:382)
	at org.testng.SuiteRunner.privateRun(SuiteRunner.java:340)
	at org.testng.SuiteRunner.run(SuiteRunner.java:289)
	at org.testng.SuiteRunnerWorker.runSuite(SuiteRunnerWorker.java:52)
	at org.testng.SuiteRunnerWorker.run(SuiteRunnerWorker.java:86)
	at org.testng.TestNG.runSuitesSequentially(TestNG.java:1293)
	at org.testng.TestNG.runSuitesLocally(TestNG.java:1218)
	at org.testng.TestNG.runSuites(TestNG.java:1133)
	at org.testng.TestNG.run(TestNG.java:1104)
	at org.testng.remote.AbstractRemoteTestNG.run(AbstractRemoteTestNG.java:115)
	at org.testng.remote.RemoteTestNG.initAndRun(RemoteTestNG.java:251)
	at org.testng.remote.RemoteTestNG.main(RemoteTestNG.java:77)
</pre></div><a href='#' onClick='toggleBox("stack-trace745627268", this, "Click to show all stack frames", "Click to hide stack frames")'>Click to show all stack frames</a>
<div class='stack-trace' id='stack-trace745627268'><pre>java.lang.AssertionError: The following asserts failed:
	expected [Reddy@27] but found [],
	expected [null] but found [https://ap8.salesforce.com/_ui/identity/verification/method/SmsVerificationFinishUi/e?vcsrf=FqLccmayKaHJw-P18lv3EUFZddV4QiK1AJrNeHzRWjla9T6IsgxXfIsqqPxsmW12Wqb2w-7wV7m88tRv-TvcFfASZdjZNpIdbeSSIVPMv28Z4k3J3f2j2WhXJUfCt1hfXSkB7LLHzzWn7SJRC9x3LNdZdZpNP4Dwfm9dniLT4KGykXHYeGBoiL99wS2I-hy_35jaKLfBINfTRvbcGDb8aGLeZITkoljJHPomX9uXF_fkbefzZrLHbpTGRjdmhLkiM9V8pSBhz1FrEkJ4w6DFHZoNJ-PM-GWfcA26yiY_8gIWIwhxnCfSeUZ5k1fMUQSP2wTEAyS47OI5tUkYzr3bgRZVET06AYvsy7I8gEFjzsCCS6jvtNi_scSbL2DNR0QthX2wpt1kS-lv6cb1_lRAJ3PUQIKbDLl8Etvsyw7Z-1ap7k2q7PIgb647p87agQS8oTV3E4uTSzZ1UxZ7XT4GbTXOZj7WW_RdZKjKhurzR-IJi_SDvT_WdlKmmsvuf953sX-uuTpkjQa1ZQ2soDTO8zWnzFno3ljeNe7Pnu35RbV1XId4_VqLxasjISFDgO4DM3Cxy0OyJCEe_O0FUwTy5lc8MDhH_1k-5j7P6-gfYy_PJ0hcWtIHJJ8i9r_VqQjo8vnLfs_eMStvdx5BQF7DcsCsnbR-vpNbt9y97PIIvyA%3D&amp;vpol=ic&amp;vflid=0&amp;vfgrp=2147277717&amp;retURL=%2Fsecur%2Ffrontdoor.jsp%3Fallp%3D1%26cshc%3Do00000UZ0Spo000001AFkY%26apv%3D1%26display%3Dpage%26ucs%3D1]
	at org.testng.asserts.SoftAssert.assertAll(SoftAssert.java:43)
	at testcases.VerifyLoginFunctionality.VerifyLoginErrorMessage02(VerifyLoginFunctionality.java:127)
	at sun.reflect.NativeMethodAccessorImpl.invoke0(Native Method)
	at sun.reflect.NativeMethodAccessorImpl.invoke(NativeMethodAccessorImpl.java:62)
	at sun.reflect.DelegatingMethodAccessorImpl.invoke(DelegatingMethodAccessorImpl.java:43)
	at java.lang.reflect.Method.invoke(Method.java:498)
	at org.testng.internal.MethodInvocationHelper.invokeMethod(MethodInvocationHelper.java:104)
	at org.testng.internal.Invoker.invokeMethod(Invoker.java:645)
	at org.testng.internal.Invoker.invokeTestMethod(Invoker.java:851)
	at org.testng.internal.Invoker.invokeTestMethods(Invoker.java:1177)
	at org.testng.internal.TestMethodWorker.invokeTestMethods(TestMethodWorker.java:129)
	at org.testng.internal.TestMethodWorker.run(TestMethodWorker.java:112)
	at org.testng.TestRunner.privateRun(TestRunner.java:756)
	at org.testng.TestRunner.run(TestRunner.java:610)
	at org.testng.SuiteRunner.runTest(SuiteRunner.java:387)
	at org.testng.SuiteRunner.runSequentially(SuiteRunner.java:382)
	at org.testng.SuiteRunner.privateRun(SuiteRunner.java:340)
	at org.testng.SuiteRunner.run(SuiteRunner.java:289)
	at org.testng.SuiteRunnerWorker.runSuite(SuiteRunnerWorker.java:52)
	at org.testng.SuiteRunnerWorker.run(SuiteRunnerWorker.java:86)
	at org.testng.TestNG.runSuitesSequentially(TestNG.java:1293)
	at org.testng.TestNG.runSuitesLocally(TestNG.java:1218)
	at org.testng.TestNG.runSuites(TestNG.java:1133)
	at org.testng.TestNG.run(TestNG.java:1104)
	at org.testng.remote.AbstractRemoteTestNG.run(AbstractRemoteTestNG.java:115)
	at org.testng.remote.RemoteTestNG.initAndRun(RemoteTestNG.java:251)
	at org.testng.remote.RemoteTestNG.main(RemoteTestNG.java:77)
</pre></div></td>
<td>10</td>
<td>testcases.VerifyLoginFunctionality@14ec4505</td></tr>
</table><p>
<table width='100%' border='1' class='invocation-passed'>
<tr><td colspan='4' align='center'><b>PASSED TESTS</b></td></tr>
<tr><td><b>Test method</b></td>
<td width="30%"><b>Exception</b></td>
<td width="10%"><b>Time (seconds)</b></td>
<td><b>Instance</b></td>
</tr>
<tr>
<td title='testcases.VerifyLoginFunctionality.VerifyLoginErrorMessage01()'><b>VerifyLoginErrorMessage01</b><br>Test class: testcases.VerifyLoginFunctionality</td>
<td></td>
<td>10</td>
<td>testcases.VerifyLoginFunctionality@14ec4505</td></tr>
</table><p>
</body>
</html>