<?xml version="1.0" encoding="UTF-8"?>
<!-- Generated by org.testng.reporters.JUnitXMLReporter -->
<testsuite hostname="TekArch" ignored="0" name="Default test" tests="2" failures="1" timestamp="05 May 2021 19:19:16 GMT" time="32.169" errors="0">
  <testcase name="VerifyLoginErrorMessage01" time="10.545" classname="testcases.VerifyLoginFunctionality"/>
  <testcase name="VerifyLoginErrorMessage02" time="10.649" classname="testcases.VerifyLoginFunctionality">
    <failure type="java.lang.AssertionError" message="The following asserts failed:
	expected [Reddy@27] but found [],
	expected [null] but found [https://ap8.salesforce.com/_ui/identity/verification/method/SmsVerificationFinishUi/e?vcsrf=FqLccmayKaHJw-P18lv3EUFZddV4QiK1AJrNeHzRWjla9T6IsgxXfIsqqPxsmW12Wqb2w-7wV7m88tRv-TvcFfASZdjZNpIdbeSSIVPMv28Z4k3J3f2j2WhXJUfCt1hfXSkB7LLHzzWn7SJRC9x3LNdZdZpNP4Dwfm9dniLT4KGykXHYeGBoiL99wS2I-hy_35jaKLfBINfTRvbcGDb8aGLeZITkoljJHPomX9uXF_fkbefzZrLHbpTGRjdmhLkiM9V8pSBhz1FrEkJ4w6DFHZoNJ-PM-GWfcA26yiY_8gIWIwhxnCfSeUZ5k1fMUQSP2wTEAyS47OI5tUkYzr3bgRZVET06AYvsy7I8gEFjzsCCS6jvtNi_scSbL2DNR0QthX2wpt1kS-lv6cb1_lRAJ3PUQIKbDLl8Etvsyw7Z-1ap7k2q7PIgb647p87agQS8oTV3E4uTSzZ1UxZ7XT4GbTXOZj7WW_RdZKjKhurzR-IJi_SDvT_WdlKmmsvuf953sX-uuTpkjQa1ZQ2soDTO8zWnzFno3ljeNe7Pnu35RbV1XId4_VqLxasjISFDgO4DM3Cxy0OyJCEe_O0FUwTy5lc8MDhH_1k-5j7P6-gfYy_PJ0hcWtIHJJ8i9r_VqQjo8vnLfs_eMStvdx5BQF7DcsCsnbR-vpNbt9y97PIIvyA%3D&amp;amp;vpol=ic&amp;amp;vflid=0&amp;amp;vfgrp=2147277717&amp;amp;retURL=%2Fsecur%2Ffrontdoor.jsp%3Fallp%3D1%26cshc%3Do00000UZ0Spo000001AFkY%26apv%3D1%26display%3Dpage%26ucs%3D1]">
      <![CDATA[java.lang.AssertionError: The following asserts failed:
	expected [Reddy@27] but found [],
	expected [null] but found [https://ap8.salesforce.com/_ui/identity/verification/method/SmsVerificationFinishUi/e?vcsrf=FqLccmayKaHJw-P18lv3EUFZddV4QiK1AJrNeHzRWjla9T6IsgxXfIsqqPxsmW12Wqb2w-7wV7m88tRv-TvcFfASZdjZNpIdbeSSIVPMv28Z4k3J3f2j2WhXJUfCt1hfXSkB7LLHzzWn7SJRC9x3LNdZdZpNP4Dwfm9dniLT4KGykXHYeGBoiL99wS2I-hy_35jaKLfBINfTRvbcGDb8aGLeZITkoljJHPomX9uXF_fkbefzZrLHbpTGRjdmhLkiM9V8pSBhz1FrEkJ4w6DFHZoNJ-PM-GWfcA26yiY_8gIWIwhxnCfSeUZ5k1fMUQSP2wTEAyS47OI5tUkYzr3bgRZVET06AYvsy7I8gEFjzsCCS6jvtNi_scSbL2DNR0QthX2wpt1kS-lv6cb1_lRAJ3PUQIKbDLl8Etvsyw7Z-1ap7k2q7PIgb647p87agQS8oTV3E4uTSzZ1UxZ7XT4GbTXOZj7WW_RdZKjKhurzR-IJi_SDvT_WdlKmmsvuf953sX-uuTpkjQa1ZQ2soDTO8zWnzFno3ljeNe7Pnu35RbV1XId4_VqLxasjISFDgO4DM3Cxy0OyJCEe_O0FUwTy5lc8MDhH_1k-5j7P6-gfYy_PJ0hcWtIHJJ8i9r_VqQjo8vnLfs_eMStvdx5BQF7DcsCsnbR-vpNbt9y97PIIvyA%3D&vpol=ic&vflid=0&vfgrp=2147277717&retURL=%2Fsecur%2Ffrontdoor.jsp%3Fallp%3D1%26cshc%3Do00000UZ0Spo000001AFkY%26apv%3D1%26display%3Dpage%26ucs%3D1]
	at org.testng.asserts.SoftAssert.assertAll(SoftAssert.java:43)
	at testcases.VerifyLoginFunctionality.VerifyLoginErrorMessage02(VerifyLoginFunctionality.java:127)
	at sun.reflect.NativeMethodAccessorImpl.invoke0(Native Method)
	at sun.reflect.NativeMethodAccessorImpl.invoke(NativeMethodAccessorImpl.java:62)
	at sun.reflect.DelegatingMethodAccessorImpl.invoke(DelegatingMethodAccessorImpl.java:43)
	at java.lang.reflect.Method.invoke(Method.java:498)
	at org.testng.internal.MethodInvocationHelper.invokeMethod(MethodInvocationHelper.java:104)
	at org.testng.internal.Invoker.invokeMethod(Invoker.java:645)
	at org.testng.internal.Invoker.invokeTestMethod(Invoker.java:851)
	at org.testng.internal.Invoker.invokeTestMethods(Invoker.java:1177)
	at org.testng.internal.TestMethodWorker.invokeTestMethods(TestMethodWorker.java:129)
	at org.testng.internal.TestMethodWorker.run(TestMethodWorker.java:112)
	at org.testng.TestRunner.privateRun(TestRunner.java:756)
	at org.testng.TestRunner.run(TestRunner.java:610)
	at org.testng.SuiteRunner.runTest(SuiteRunner.java:387)
	at org.testng.SuiteRunner.runSequentially(SuiteRunner.java:382)
	at org.testng.SuiteRunner.privateRun(SuiteRunner.java:340)
	at org.testng.SuiteRunner.run(SuiteRunner.java:289)
	at org.testng.SuiteRunnerWorker.runSuite(SuiteRunnerWorker.java:52)
	at org.testng.SuiteRunnerWorker.run(SuiteRunnerWorker.java:86)
	at org.testng.TestNG.runSuitesSequentially(TestNG.java:1293)
	at org.testng.TestNG.runSuitesLocally(TestNG.java:1218)
	at org.testng.TestNG.runSuites(TestNG.java:1133)
	at org.testng.TestNG.run(TestNG.java:1104)
	at org.testng.remote.AbstractRemoteTestNG.run(AbstractRemoteTestNG.java:115)
	at org.testng.remote.RemoteTestNG.initAndRun(RemoteTestNG.java:251)
	at org.testng.remote.RemoteTestNG.main(RemoteTestNG.java:77)
]]>
    </failure>
  </testcase> <!-- VerifyLoginErrorMessage02 -->
</testsuite> <!-- Default test -->
